{
  "RSpec": {
    "coverage": {
      "/Users/radu/projects/rails/diet-meals/config/environment.rb": [
        null,
        1,
        null,
        null,
        1
      ],
      "/Users/radu/projects/rails/diet-meals/config/application.rb": [
        1,
        null,
        1,
        null,
        1,
        null,
        1,
        1,
        null,
        null,
        null,
        null,
        null,
        1,
        null,
        null,
        null,
        null,
        null,
        null,
        null,
        null,
        null,
        null,
        null,
        null,
        null,
        null,
        null,
        null,
        null,
        1,
        null,
        null,
        1,
        null,
        null,
        1,
        null,
        null,
        null,
        null,
        null,
        null,
        null,
        1,
        null,
        null,
        1,
        1,
        1,
        1,
        null,
        null,
        null
      ],
      "/Users/radu/projects/rails/diet-meals/config/boot.rb": [
        1,
        null,
        null,
        1,
        null,
        1
      ],
      "/Users/radu/projects/rails/diet-meals/config/environments/test.rb": [
        1,
        null,
        null,
        null,
        null,
        null,
        null,
        1,
        null,
        null,
        1,
        1,
        null,
        null,
        1,
        1,
        null,
        null,
        1,
        null,
        null,
        1,
        null,
        null,
        null,
        null,
        1,
        1,
        null,
        null,
        1,
        null,
        1,
        null
      ],
      "/Users/radu/projects/rails/diet-meals/config/initializers/backtrace_silencers.rb": [
        null,
        null,
        null,
        null,
        null,
        null,
        null
      ],
      "/Users/radu/projects/rails/diet-meals/config/initializers/devise.rb": [
        null,
        null,
        1,
        null,
        null,
        null,
        1,
        null,
        null,
        null,
        null,
        null,
        null,
        null,
        null,
        1,
        null,
        null,
        null,
        null,
        null,
        null,
        null,
        null,
        null,
        null,
        null,
        null,
        null,
        null,
        null,
        null,
        null,
        null,
        null,
        null,
        null,
        1,
        null,
        null,
        null,
        null,
        1,
        null,
        null,
        null,
        null,
        null,
        null,
        null,
        null,
        null,
        null,
        null,
        null,
        null,
        null,
        null,
        null,
        null,
        null,
        null,
        null,
        null,
        null,
        null,
        null,
        null,
        null,
        null,
        null,
        null,
        1,
        null,
        null,
        null,
        null,
        null,
        null,
        null,
        null,
        1,
        null,
        null,
        null,
        null,
        null,
        null,
        null,
        null,
        null,
        null,
        null,
        null,
        null,
        null,
        null,
        null,
        null,
        null,
        null,
        null,
        null,
        null,
        null,
        null,
        1,
        null,
        null,
        null,
        null,
        null,
        null,
        null,
        null,
        null,
        null,
        null,
        null,
        null,
        null,
        null,
        null,
        null,
        1,
        null,
        null,
        null,
        null,
        null,
        null,
        null,
        null,
        null,
        null,
        null,
        null,
        null,
        null,
        null,
        null,
        null,
        null,
        null,
        null,
        null,
        null,
        null,
        null,
        null,
        null,
        null,
        null,
        null,
        null,
        null,
        null,
        null,
        null,
        null,
        null,
        null,
        null,
        null,
        null,
        null,
        null,
        null,
        null,
        null,
        1,
        null,
        null,
        null,
        null,
        null,
        null,
        null,
        null,
        null,
        null,
        null,
        null,
        null,
        null,
        null,
        null,
        null,
        null,
        null,
        null,
        null,
        null,
        null,
        null,
        null,
        null,
        null,
        null,
        null,
        null,
        null,
        null,
        null,
        null,
        null,
        null,
        null,
        null,
        null,
        1,
        null,
        null,
        null,
        null,
        null,
        null,
        null,
        null,
        null,
        null,
        null,
        null,
        null,
        null,
        null,
        null,
        null,
        null,
        null,
        null,
        null,
        null,
        null,
        null,
        null,
        null,
        null,
        null,
        null
      ],
      "/Users/radu/projects/rails/diet-meals/config/initializers/inflections.rb": [
        null,
        null,
        null,
        null,
        null,
        null,
        null,
        null,
        null,
        null,
        null,
        null,
        null,
        null,
        null
      ],
      "/Users/radu/projects/rails/diet-meals/config/initializers/mime_types.rb": [
        null,
        null,
        null,
        null,
        null
      ],
      "/Users/radu/projects/rails/diet-meals/config/initializers/secret_token.rb": [
        1
      ],
      "/Users/radu/projects/rails/diet-meals/config/initializers/session_store.rb": [
        null,
        null,
        1,
        null,
        null,
        null,
        null,
        null
      ],
      "/Users/radu/projects/rails/diet-meals/config/initializers/wrap_parameters.rb": [
        null,
        null,
        null,
        null,
        null,
        null,
        1,
        1,
        null,
        null,
        null,
        1,
        1,
        null
      ],
      "/Users/radu/projects/rails/diet-meals/spec/factories/diet.rb": [
        1,
        1,
        1,
        1,
        null,
        null,
        1,
        1,
        1,
        null,
        null
      ],
      "/Users/radu/projects/rails/diet-meals/spec/factories/diet_food_connection.rb": [
        1,
        1,
        1,
        1,
        1,
        null,
        null
      ],
      "/Users/radu/projects/rails/diet-meals/spec/factories/food.rb": [
        1,
        1,
        1,
        null,
        null,
        1,
        1,
        null,
        null
      ],
      "/Users/radu/projects/rails/diet-meals/spec/factories/food_connection.rb": [
        1,
        1,
        1,
        1,
        null,
        null
      ],
      "/Users/radu/projects/rails/diet-meals/spec/factories/ingredient.rb": [
        1,
        1,
        1,
        1,
        1,
        1,
        null,
        null
      ],
      "/Users/radu/projects/rails/diet-meals/spec/factories/meal.rb": [
        1,
        1,
        1,
        1,
        1,
        null,
        null,
        1,
        1,
        1,
        null,
        null
      ],
      "/Users/radu/projects/rails/diet-meals/spec/factories/meal_diet_classifications.rb": [
        1,
        1,
        1,
        1,
        null,
        null
      ],
      "/Users/radu/projects/rails/diet-meals/spec/factories/star.rb": [
        1,
        1,
        1,
        1,
        null,
        null
      ],
      "/Users/radu/projects/rails/diet-meals/spec/factories/unit_of_measurement.rb": [
        1,
        1,
        1,
        1,
        null,
        null
      ],
      "/Users/radu/projects/rails/diet-meals/spec/factories/user.rb": [
        1,
        1,
        1,
        1,
        null,
        null
      ],
      "/Users/radu/projects/rails/diet-meals/config/routes.rb": [
        1,
        1,
        null,
        1,
        null,
        1,
        null,
        1,
        1,
        1,
        null
      ],
      "/Users/radu/projects/rails/diet-meals/app/models/admin.rb": [
        1,
        null,
        null,
        null,
        1,
        null,
        null,
        null
      ],
      "/Users/radu/projects/rails/diet-meals/app/models/user.rb": [
        1,
        null,
        null,
        null,
        1,
        null,
        null,
        1,
        null,
        1,
        null,
        1,
        2,
        null,
        null,
        1,
        1,
        4,
        null,
        null,
        null
      ],
      "/Users/radu/projects/rails/diet-meals/app/helpers/application_helper.rb": [
        1,
        null
      ],
      "/Users/radu/projects/rails/diet-meals/app/helpers/meal_diet_classifications_helper.rb": [
        1,
        1,
        3,
        1,
        null,
        2,
        null,
        null
      ],
      "/Users/radu/projects/rails/diet-meals/app/helpers/meals_helper.rb": [
        1,
        1,
        3,
        3,
        null,
        3,
        null,
        null
      ],
      "/Users/radu/projects/rails/diet-meals/spec/support/database_cleaner.rb": [
        1,
        null,
        1,
        1,
        null,
        null,
        1,
        172,
        null,
        null,
        1,
        4,
        null,
        null,
        1,
        172,
        null,
        null,
        1,
        172,
        null,
        null
      ],
      "/Users/radu/projects/rails/diet-meals/app/controllers/diets_controller.rb": [
        1,
        1,
        2,
        null,
        null
      ],
      "/Users/radu/projects/rails/diet-meals/app/controllers/application_controller.rb": [
        1,
        1,
        null
      ],
      "/Users/radu/projects/rails/diet-meals/spec/controllers/home_controller_spec.rb": [
        1,
        null,
        1,
        1,
        3,
        null,
        1,
        4,
        2,
        null,
        null,
        1,
        1,
        null,
        null,
        1,
        1,
        null,
        null,
        null
      ],
      "/Users/radu/projects/rails/diet-meals/app/controllers/home_controller.rb": [
        1,
        1,
        2,
        null,
        null
      ],
      "/Users/radu/projects/rails/diet-meals/spec/controllers/meals_controller_spec.rb": [
        1,
        null,
        1,
        6,
        6,
        6,
        3,
        null,
        1,
        15,
        15,
        null,
        null,
        1,
        1,
        1,
        4,
        2,
        2,
        null,
        null,
        1,
        1,
        1,
        1,
        null,
        null,
        1,
        1,
        null,
        null,
        null,
        1,
        1,
        1,
        1,
        null,
        null,
        null,
        null,
        1,
        3,
        3,
        null,
        1,
        3,
        null,
        null,
        1,
        1,
        1,
        null,
        null,
        1,
        2,
        1,
        1,
        null,
        null,
        null,
        1,
        6,
        6,
        5,
        null,
        1,
        5,
        null,
        null,
        1,
        1,
        4,
        null,
        null,
        1,
        1,
        1,
        2,
        1,
        1,
        null,
        null,
        null,
        1,
        1,
        6,
        3,
        null,
        null,
        1,
        1,
        null,
        null,
        1,
        1,
        null,
        null,
        1,
        1,
        1,
        1,
        null,
        null,
        null,
        null,
        1,
        1,
        1,
        1,
        null,
        null,
        null,
        null
      ],
      "/Users/radu/projects/rails/diet-meals/app/controllers/meals_controller.rb": [
        1,
        1,
        null,
        1,
        5,
        5,
        null,
        null,
        1,
        6,
        null,
        null,
        1,
        5,
        5,
        2,
        null,
        3,
        3,
        3,
        null,
        null,
        null,
        1,
        8,
        8,
        null,
        null,
        1,
        5,
        null,
        null
      ],
      "/Users/radu/projects/rails/diet-meals/spec/controllers/stars_controller_spec.rb": [
        1,
        null,
        1,
        8,
        null,
        1,
        5,
        3,
        3,
        null,
        1,
        4,
        null,
        null,
        1,
        1,
        3,
        null,
        null,
        1,
        1,
        4,
        4,
        2,
        null,
        null,
        1,
        1,
        null,
        null,
        1,
        1,
        1,
        1,
        null,
        null,
        null,
        1,
        1,
        1,
        1,
        1,
        null,
        null,
        null,
        null,
        1,
        1,
        1,
        1,
        null,
        null,
        null,
        null,
        1,
        6,
        4,
        4,
        null,
        1,
        5,
        null,
        null,
        1,
        1,
        4,
        null,
        null,
        1,
        2,
        1,
        null,
        null,
        1,
        1,
        4,
        2,
        null,
        null,
        1,
        1,
        null,
        null,
        1,
        1,
        null,
        null,
        null,
        1,
        1,
        2,
        1,
        1,
        null,
        null,
        null,
        null,
        1,
        1,
        1,
        1,
        null,
        null,
        null,
        null
      ],
      "/Users/radu/projects/rails/diet-meals/app/controllers/stars_controller.rb": [
        1,
        1,
        null,
        1,
        4,
        4,
        3,
        3,
        null,
        1,
        null,
        null,
        1,
        5,
        4,
        4,
        null,
        1,
        null,
        null
      ],
      "/Users/radu/projects/rails/diet-meals/spec/features/add_ingredient_spec.rb": [
        1,
        null,
        1,
        1,
        1,
        1,
        null,
        null,
        1,
        1,
        null,
        null,
        1,
        1,
        null,
        null,
        1,
        1,
        null,
        1,
        null,
        1,
        null,
        1,
        null,
        null,
        1,
        2,
        null,
        null
      ],
      "/Users/radu/projects/rails/diet-meals/spec/features/add_meal_spec.rb": [
        1,
        null,
        1,
        1,
        1,
        1,
        null,
        null,
        1,
        1,
        null,
        null,
        1,
        1,
        1,
        1,
        1,
        1,
        1,
        1,
        1,
        1,
        null,
        null,
        1,
        1,
        1,
        1,
        1,
        1,
        null,
        1,
        1,
        null,
        1,
        1,
        1,
        null,
        1,
        null,
        1,
        1,
        null,
        null
      ],
      "/Users/radu/projects/rails/diet-meals/spec/features/remove_ingredient_spec.rb": [
        1,
        null,
        1,
        1,
        1,
        1,
        null,
        null,
        1,
        1,
        null,
        null,
        1,
        1,
        null,
        null,
        1,
        1,
        null,
        1,
        null,
        1,
        null,
        1,
        null,
        null,
        1,
        2,
        null,
        null
      ],
      "/Users/radu/projects/rails/diet-meals/spec/features/star_classification_spec.rb": [
        1,
        1,
        1,
        null,
        1,
        1,
        1,
        null,
        null,
        1,
        1,
        null,
        null,
        4,
        4,
        3,
        null,
        1,
        3,
        null,
        null,
        1,
        1,
        2,
        null,
        null,
        1,
        1,
        null,
        1,
        null,
        1,
        1,
        null,
        null,
        1,
        1,
        1,
        null,
        1,
        null,
        1,
        1,
        null,
        null,
        null,
        1,
        1,
        1,
        null,
        1,
        1,
        null,
        null,
        null
      ],
      "/Users/radu/projects/rails/diet-meals/spec/integration/meal_classifier_spec.rb": [
        1,
        1,
        null,
        1,
        null,
        1,
        1,
        2,
        2,
        2,
        2,
        null,
        2,
        2,
        2,
        2,
        null,
        null,
        1,
        1,
        null,
        null,
        1,
        1,
        null,
        null,
        null
      ],
      "/Users/radu/projects/rails/diet-meals/lib/meal_classifier.rb": [
        1,
        null,
        1,
        1,
        9,
        null,
        null,
        1,
        20,
        13,
        null,
        7,
        null,
        null,
        null,
        1,
        null,
        1,
        13,
        12,
        null,
        1,
        null,
        null,
        null,
        1,
        7,
        null,
        null,
        1,
        null,
        1,
        12,
        null,
        null,
        1,
        24,
        null,
        null,
        1,
        7,
        null,
        null,
        1,
        14,
        null,
        null
      ],
      "/Users/radu/projects/rails/diet-meals/lib/food_graph.rb": [
        1,
        1,
        12,
        null,
        null,
        1,
        20,
        null,
        null,
        1,
        2,
        null,
        null,
        1,
        2,
        null,
        null,
        1,
        15,
        null,
        null,
        1,
        25,
        null,
        null,
        1,
        1,
        40,
        30,
        null,
        null,
        null,
        1,
        81,
        49,
        49,
        null,
        81,
        null,
        null,
        1,
        9,
        null,
        7,
        null,
        6,
        null,
        null
      ],
      "/Users/radu/projects/rails/diet-meals/spec/lib/add_meal_spec.rb": [
        1,
        1,
        null,
        1,
        1,
        5,
        5,
        5,
        5,
        5,
        5,
        1,
        null,
        null,
        4,
        1,
        null,
        null,
        4,
        null,
        5,
        4,
        null,
        1,
        8,
        null,
        null,
        1,
        4,
        null,
        null,
        1,
        2,
        1,
        2,
        1,
        1,
        null,
        null,
        1,
        2,
        2,
        1,
        1,
        null,
        null,
        1,
        2,
        2,
        1,
        1,
        null,
        null,
        1,
        2,
        2,
        1,
        1,
        null,
        null,
        null
      ],
      "/Users/radu/projects/rails/diet-meals/lib/add_meal.rb": [
        1,
        1,
        5,
        5,
        5,
        null,
        null,
        1,
        1,
        5,
        null,
        null,
        1,
        5,
        null,
        null,
        1,
        5,
        5,
        null,
        null,
        1,
        4,
        4,
        null,
        null,
        null
      ],
      "/Users/radu/projects/rails/diet-meals/spec/lib/food_graph_spec.rb": [
        1,
        null,
        1,
        1,
        4,
        3,
        4,
        4,
        4,
        null,
        1,
        1,
        1,
        null,
        null,
        null,
        1,
        1,
        1,
        1,
        null,
        null,
        null,
        1,
        1,
        1,
        null,
        null,
        null,
        null,
        1,
        2,
        3,
        4,
        4,
        2,
        null,
        1,
        1,
        1,
        null,
        null,
        null,
        1,
        1,
        1,
        1,
        null,
        null,
        null,
        1,
        1,
        1,
        null,
        null,
        null,
        null
      ],
      "/Users/radu/projects/rails/diet-meals/spec/lib/meal_classifier_exclusive_diets_spec.rb": [
        1,
        null,
        1,
        2,
        null,
        7,
        8,
        8,
        8,
        null,
        4,
        4,
        2,
        null,
        3,
        2,
        null,
        4,
        null,
        1,
        1,
        null,
        null,
        1,
        1,
        1,
        null,
        null,
        1,
        1,
        null,
        null,
        1,
        1,
        null,
        null,
        1,
        1,
        null,
        null,
        1,
        1,
        1,
        null,
        null,
        1,
        1,
        null,
        null,
        1,
        1,
        null,
        null
      ],
      "/Users/radu/projects/rails/diet-meals/spec/lib/meal_classifier_inclusive_diets_spec.rb": [
        1,
        null,
        1,
        2,
        null,
        6,
        6,
        3,
        null,
        4,
        3,
        null,
        2,
        3,
        null,
        1,
        1,
        null,
        null,
        1,
        1,
        1,
        null,
        null,
        1,
        1,
        null,
        null,
        1,
        1,
        null,
        null,
        1,
        1,
        1,
        null,
        null,
        1,
        1,
        1,
        null,
        null
      ],
      "/Users/radu/projects/rails/diet-meals/spec/lib/meal_duration_spec.rb": [
        1,
        null,
        1,
        1,
        1,
        1,
        null,
        null,
        1,
        1,
        null,
        null,
        null
      ],
      "/Users/radu/projects/rails/diet-meals/lib/meal_duration.rb": [
        1,
        1,
        3,
        null,
        null
      ],
      "/Users/radu/projects/rails/diet-meals/spec/lib/select_options_spec.rb": [
        1,
        null,
        1,
        1,
        1,
        1,
        null,
        null,
        1,
        1,
        null,
        null,
        null,
        1,
        1,
        1,
        null,
        null,
        null,
        1,
        1,
        1,
        null,
        null,
        null,
        1,
        1,
        1,
        null,
        null,
        null
      ],
      "/Users/radu/projects/rails/diet-meals/lib/select_options.rb": [
        1,
        1,
        1,
        null,
        1,
        223,
        null,
        null,
        1,
        1,
        1,
        null
      ],
      "/Users/radu/projects/rails/diet-meals/spec/models/diet_food_connection_spec.rb": [
        1,
        null,
        1,
        1,
        2,
        null,
        1,
        1,
        null,
        null,
        2,
        null,
        2,
        null,
        1,
        1,
        1,
        1,
        null,
        null,
        1,
        1,
        null,
        null,
        null,
        1,
        2,
        null,
        2,
        null,
        null,
        1,
        1,
        1,
        null,
        null,
        null,
        1,
        3,
        3,
        null,
        1,
        1,
        null,
        null,
        1,
        1,
        null,
        null,
        null
      ],
      "/Users/radu/projects/rails/diet-meals/app/models/diet_food_connection.rb": [
        1,
        1,
        1,
        null,
        1,
        1,
        1,
        null,
        1,
        2,
        null,
        null,
        1,
        1,
        null,
        null,
        1,
        1,
        null,
        null
      ],
      "/Users/radu/projects/rails/diet-meals/spec/models/diet_spec.rb": [
        1,
        null,
        1,
        1,
        1,
        1,
        null,
        null,
        2,
        null,
        1,
        1,
        null,
        null,
        1,
        1,
        1,
        null,
        null,
        1,
        1,
        null,
        null,
        null,
        1,
        2,
        null,
        2,
        null,
        2,
        null,
        2,
        null,
        null,
        1,
        1,
        1,
        null,
        null,
        1,
        1,
        null,
        null,
        null,
        1,
        1,
        1,
        1,
        1,
        1,
        1,
        null,
        null,
        null,
        1,
        1,
        1,
        null,
        null,
        1,
        1,
        null,
        null,
        null,
        1,
        1,
        1,
        null,
        null,
        1,
        1,
        null,
        null,
        null,
        1,
        1,
        1,
        1,
        1,
        1,
        1,
        1,
        1,
        1,
        null,
        null,
        null,
        1,
        1,
        1,
        null,
        null,
        1,
        1,
        null,
        null,
        null
      ],
      "/Users/radu/projects/rails/diet-meals/app/models/diet.rb": [
        1,
        1,
        9,
        null,
        1,
        null,
        null,
        null,
        null,
        1,
        6,
        null,
        1,
        null,
        null,
        null,
        null,
        1,
        1,
        null,
        1,
        1,
        null,
        1,
        2,
        null,
        null,
        1,
        1,
        null,
        null,
        1,
        1,
        null,
        null,
        1,
        7,
        null,
        null,
        1,
        1,
        null,
        null,
        1,
        1,
        null,
        null,
        1,
        2,
        null,
        null
      ],
      "/Users/radu/projects/rails/diet-meals/spec/models/food_connection_spec.rb": [
        1,
        null,
        1,
        4,
        4,
        null,
        1,
        1,
        1,
        null,
        null,
        2,
        null,
        2,
        null,
        1,
        1,
        1,
        null,
        null,
        null,
        1,
        2,
        null,
        2,
        null,
        null,
        1,
        1,
        1,
        null,
        1,
        1,
        null,
        null,
        1,
        1,
        1,
        null,
        null,
        null
      ],
      "/Users/radu/projects/rails/diet-meals/app/models/food_connection.rb": [
        1,
        1,
        1,
        null,
        1,
        1,
        null,
        1,
        null,
        3,
        null,
        null
      ],
      "/Users/radu/projects/rails/diet-meals/spec/models/food_spec.rb": [
        1,
        null,
        1,
        1,
        1,
        1,
        null,
        null,
        2,
        null,
        2,
        null,
        null,
        1,
        2,
        null,
        2,
        null,
        2,
        null,
        null,
        1,
        1,
        1,
        1,
        null,
        null,
        null,
        1,
        1,
        1,
        1,
        1,
        1,
        null,
        null,
        null
      ],
      "/Users/radu/projects/rails/diet-meals/app/models/food.rb": [
        1,
        1,
        null,
        null,
        null,
        5,
        null,
        1,
        null,
        null,
        null,
        9,
        null,
        1,
        null,
        1,
        null,
        1,
        1,
        null,
        null,
        1,
        4,
        null,
        null
      ],
      "/Users/radu/projects/rails/diet-meals/spec/models/ingredient_spec.rb": [
        1,
        null,
        1,
        1,
        1,
        1,
        null,
        null,
        2,
        null,
        2,
        null,
        1,
        1,
        null,
        null,
        null,
        1,
        2,
        null,
        2,
        null,
        2,
        null,
        null,
        1,
        1,
        1,
        1,
        null,
        null,
        1,
        1,
        null,
        null,
        null,
        1,
        3,
        3,
        2,
        null,
        1,
        1,
        1,
        null,
        null,
        1,
        1,
        1,
        null,
        null,
        null
      ],
      "/Users/radu/projects/rails/diet-meals/app/models/ingredient.rb": [
        1,
        1,
        1,
        1,
        null,
        1,
        1,
        null,
        1,
        2,
        null,
        null,
        1,
        4,
        null,
        null
      ],
      "/Users/radu/projects/rails/diet-meals/spec/models/meal_diet_classification_spec.rb": [
        1,
        null,
        1,
        1,
        2,
        null,
        1,
        1,
        null,
        null,
        2,
        null,
        2,
        null,
        null,
        1,
        2,
        null,
        2,
        null,
        2,
        null,
        null,
        1,
        1,
        1,
        1,
        1,
        1,
        null,
        null,
        null,
        1,
        1,
        1,
        1,
        1,
        null,
        1,
        null,
        null,
        null,
        1,
        3,
        null,
        1,
        1,
        1,
        1,
        null,
        null,
        1,
        1,
        2,
        null,
        null,
        null
      ],
      "/Users/radu/projects/rails/diet-meals/app/models/meal_diet_classification.rb": [
        1,
        1,
        1,
        1,
        null,
        1,
        1,
        null,
        1,
        2,
        null,
        null,
        1,
        2,
        null,
        null,
        1,
        5,
        null,
        null
      ],
      "/Users/radu/projects/rails/diet-meals/spec/models/meal_spec.rb": [
        1,
        null,
        1,
        1,
        4,
        null,
        1,
        1,
        null,
        null,
        2,
        null,
        2,
        null,
        1,
        1,
        null,
        null,
        1,
        1,
        null,
        null,
        null,
        1,
        2,
        null,
        2,
        null,
        2,
        null,
        2,
        null,
        2,
        null,
        null,
        1,
        1,
        1,
        1,
        null,
        null,
        null,
        1,
        1,
        1,
        1,
        1,
        null,
        null,
        null,
        1,
        1,
        1,
        null,
        1,
        1,
        1,
        1,
        1,
        1,
        null,
        1,
        null,
        null,
        null,
        1,
        1,
        1,
        1,
        1,
        null,
        null,
        1,
        1,
        1,
        null,
        null,
        null
      ],
      "/Users/radu/projects/rails/diet-meals/app/models/meal.rb": [
        1,
        1,
        1,
        1,
        1,
        1,
        null,
        1,
        1,
        1,
        null,
        1,
        null,
        1,
        null,
        1,
        null,
        null,
        null,
        1,
        null,
        null,
        1,
        6,
        18,
        null,
        null,
        null,
        1,
        9,
        null,
        null,
        1,
        6,
        null,
        null
      ],
      "/Users/radu/projects/rails/diet-meals/spec/models/star_spec.rb": [
        1,
        null,
        1,
        4,
        4,
        null,
        1,
        1,
        1,
        null,
        null,
        2,
        null,
        2,
        null,
        1,
        1,
        1,
        null,
        null,
        null,
        1,
        2,
        null,
        2,
        null,
        2,
        null,
        2,
        null,
        null,
        1,
        1,
        1,
        1,
        1,
        null,
        null,
        null,
        1,
        1,
        1,
        1,
        1,
        null,
        null,
        null,
        1,
        1,
        1,
        2,
        null,
        null,
        null,
        null
      ],
      "/Users/radu/projects/rails/diet-meals/app/models/star.rb": [
        1,
        1,
        1,
        null,
        1,
        1,
        1,
        1,
        null,
        1,
        3,
        null,
        null
      ],
      "/Users/radu/projects/rails/diet-meals/spec/models/unit_of_measurement_spec.rb": [
        1,
        null,
        1,
        1,
        1,
        1,
        null,
        null,
        2,
        null,
        2,
        null,
        1,
        1,
        1,
        null,
        null,
        1,
        1,
        1,
        null,
        null,
        1,
        1,
        1,
        null,
        null,
        null,
        1,
        2,
        null,
        null,
        1,
        1,
        1,
        null,
        null,
        1,
        1,
        null,
        null,
        null,
        1,
        1,
        1,
        1,
        null,
        null,
        1,
        1,
        1,
        null,
        null,
        null,
        null,
        1,
        1,
        1,
        1,
        1,
        1,
        null,
        null,
        null,
        null
      ],
      "/Users/radu/projects/rails/diet-meals/app/models/unit_of_measurement.rb": [
        1,
        1,
        null,
        1,
        1,
        null,
        1,
        null,
        1,
        1,
        null,
        null,
        1,
        2,
        1,
        null,
        1,
        null,
        null,
        null,
        1,
        4,
        null,
        null
      ],
      "/Users/radu/projects/rails/diet-meals/spec/models/user_spec.rb": [
        1,
        null,
        1,
        1,
        1,
        1,
        null,
        null,
        2,
        null,
        2,
        null,
        null,
        1,
        1,
        1,
        1,
        null,
        null,
        null,
        1,
        1,
        1,
        null,
        null,
        null
      ],
      "/Users/radu/projects/rails/diet-meals/spec/views/meals/show.html.haml_spec.rb": [
        1,
        null,
        1,
        1,
        1,
        null,
        null,
        null,
        null,
        null,
        null,
        1,
        null,
        1,
        null,
        1,
        null,
        null
      ]
    },
    "timestamp": 1379533145
  }
}
